{"/Users/hpal/code/github.com/phalbert/vue-learn/unit-testing-vue/src/components/AppHeader.vue": {"path":"/Users/hpal/code/github.com/phalbert/vue-learn/unit-testing-vue/src/components/AppHeader.vue","statementMap":{"0":{"start":{"line":10,"column":0},"end":{"line":10,"column":null}}},"fnMap":{"0":{"name":"(anonymous_1)","decl":{"start":{"line":9,"column":0},"end":{"line":9,"column":null}},"loc":{"start":{"line":9,"column":0},"end":{"line":13,"column":null}}}},"branchMap":{},"s":{"0":2},"f":{"0":2},"b":{}}
,"/Users/hpal/code/github.com/phalbert/vue-learn/unit-testing-vue/src/components/LoginForm.vue": {"path":"/Users/hpal/code/github.com/phalbert/vue-learn/unit-testing-vue/src/components/LoginForm.vue","statementMap":{"0":{"start":{"line":11,"column":0},"end":{"line":11,"column":null}},"1":{"start":{"line":17,"column":0},"end":{"line":17,"column":null}}},"fnMap":{"0":{"name":"(anonymous_1)","decl":{"start":{"line":10,"column":0},"end":{"line":10,"column":null}},"loc":{"start":{"line":10,"column":0},"end":{"line":14,"column":null}}},"1":{"name":"(anonymous_2)","decl":{"start":{"line":16,"column":0},"end":{"line":16,"column":null}},"loc":{"start":{"line":16,"column":0},"end":{"line":18,"column":null}}}},"branchMap":{},"s":{"0":2,"1":2},"f":{"0":2,"1":2},"b":{}}
,"/Users/hpal/code/github.com/phalbert/vue-learn/unit-testing-vue/src/components/MessageDisplay.vue": {"path":"/Users/hpal/code/github.com/phalbert/vue-learn/unit-testing-vue/src/components/MessageDisplay.vue","statementMap":{"0":{"start":{"line":9,"column":0},"end":{"line":9,"column":null}},"1":{"start":{"line":12,"column":0},"end":{"line":12,"column":null}},"2":{"start":{"line":18,"column":0},"end":{"line":22,"column":null}},"3":{"start":{"line":19,"column":0},"end":{"line":19,"column":null}},"4":{"start":{"line":21,"column":0},"end":{"line":21,"column":null}}},"fnMap":{"0":{"name":"(anonymous_1)","decl":{"start":{"line":11,"column":0},"end":{"line":11,"column":null}},"loc":{"start":{"line":11,"column":0},"end":{"line":16,"column":null}}},"1":{"name":"(anonymous_2)","decl":{"start":{"line":17,"column":0},"end":{"line":17,"column":null}},"loc":{"start":{"line":17,"column":0},"end":{"line":23,"column":null}}}},"branchMap":{},"s":{"0":1,"1":2,"2":2,"3":2,"4":1},"f":{"0":2,"1":2},"b":{}}
,"/Users/hpal/code/github.com/phalbert/vue-learn/unit-testing-vue/src/components/RandomNumber.vue": {"path":"/Users/hpal/code/github.com/phalbert/vue-learn/unit-testing-vue/src/components/RandomNumber.vue","statementMap":{"0":{"start":{"line":21,"column":0},"end":{"line":21,"column":null}},"1":{"start":{"line":27,"column":0},"end":{"line":27,"column":null}}},"fnMap":{"0":{"name":"(anonymous_1)","decl":{"start":{"line":20,"column":0},"end":{"line":20,"column":null}},"loc":{"start":{"line":20,"column":0},"end":{"line":24,"column":null}}},"1":{"name":"(anonymous_2)","decl":{"start":{"line":26,"column":0},"end":{"line":26,"column":null}},"loc":{"start":{"line":26,"column":0},"end":{"line":29,"column":null}}}},"branchMap":{},"s":{"0":3,"1":2},"f":{"0":3,"1":2},"b":{}}
,"/Users/hpal/code/github.com/phalbert/vue-learn/unit-testing-vue/src/router/index.js": {"path":"/Users/hpal/code/github.com/phalbert/vue-learn/unit-testing-vue/src/router/index.js","statementMap":{"0":{"start":{"line":5,"column":0},"end":{"line":5,"column":18}},"1":{"start":{"line":7,"column":15},"end":{"line":22,"column":1}},"2":{"start":{"line":20,"column":6},"end":{"line":20,"column":66}},"3":{"start":{"line":24,"column":15},"end":{"line":28,"column":2}}},"fnMap":{"0":{"name":"(anonymous_0)","decl":{"start":{"line":19,"column":15},"end":{"line":19,"column":16}},"loc":{"start":{"line":20,"column":6},"end":{"line":20,"column":66}},"line":20}},"branchMap":{},"s":{"0":0,"1":0,"2":0,"3":0},"f":{"0":0},"b":{},"hash":"83f62eba22752f5c599ad15632ba56a83f1e85f8"}
,"/Users/hpal/code/github.com/phalbert/vue-learn/unit-testing-vue/src/services/axios.js": {"path":"/Users/hpal/code/github.com/phalbert/vue-learn/unit-testing-vue/src/services/axios.js","statementMap":{"0":{"start":{"line":4,"column":4},"end":{"line":6,"column":5}},"1":{"start":{"line":5,"column":22},"end":{"line":5,"column":42}}},"fnMap":{"0":{"name":"getMessage","decl":{"start":{"line":3,"column":16},"end":{"line":3,"column":26}},"loc":{"start":{"line":3,"column":29},"end":{"line":7,"column":1}},"line":3},"1":{"name":"(anonymous_1)","decl":{"start":{"line":5,"column":8},"end":{"line":5,"column":9}},"loc":{"start":{"line":5,"column":20},"end":{"line":5,"column":44}},"line":5}},"branchMap":{},"s":{"0":0,"1":0},"f":{"0":0,"1":0},"b":{},"_coverageSchema":"43e27e138ebf9cfc5966b082cf9a028302ed4184","hash":"4258b854885f134b4e5ba8a6ecdaa90fcffc50e2"}
,"/Users/hpal/code/github.com/phalbert/vue-learn/unit-testing-vue/src/store/index.js": {"path":"/Users/hpal/code/github.com/phalbert/vue-learn/unit-testing-vue/src/store/index.js","statementMap":{"0":{"start":{"line":4,"column":0},"end":{"line":4,"column":13}}},"fnMap":{},"branchMap":{},"s":{"0":0},"f":{},"b":{},"hash":"7e60367280da3f7d2ec7411f6b8f69e1446a0930"}
,"/Users/hpal/code/github.com/phalbert/vue-learn/unit-testing-vue/src/views/Home.vue": {"path":"/Users/hpal/code/github.com/phalbert/vue-learn/unit-testing-vue/src/views/Home.vue","statementMap":{"0":{"start":{"line":10,"column":0},"end":{"line":10,"column":null}}},"fnMap":{},"branchMap":{},"s":{"0":0},"f":{},"b":{}}
}
