TN:
SF:/Users/hpal/code/github.com/phalbert/vue-learn/unit-testing-vue/src/components/AppHeader.vue
FN:9,(anonymous_1)
FNF:1
FNH:1
FNDA:2,(anonymous_1)
DA:10,2
LF:1
LH:1
BRF:0
BRH:0
end_of_record
TN:
SF:/Users/hpal/code/github.com/phalbert/vue-learn/unit-testing-vue/src/components/LoginForm.vue
FN:10,(anonymous_1)
FN:16,(anonymous_2)
FNF:2
FNH:2
FNDA:2,(anonymous_1)
FNDA:2,(anonymous_2)
DA:11,2
DA:17,2
LF:2
LH:2
BRF:0
BRH:0
end_of_record
TN:
SF:/Users/hpal/code/github.com/phalbert/vue-learn/unit-testing-vue/src/components/RandomNumber.vue
FN:20,(anonymous_1)
FN:26,(anonymous_2)
FNF:2
FNH:2
FNDA:3,(anonymous_1)
FNDA:2,(anonymous_2)
DA:21,3
DA:27,2
LF:2
LH:2
BRF:0
BRH:0
end_of_record
TN:
SF:/Users/hpal/code/github.com/phalbert/vue-learn/unit-testing-vue/src/router/index.js
FN:19,(anonymous_0)
FNF:1
FNH:0
FNDA:0,(anonymous_0)
DA:5,0
DA:7,0
DA:20,0
DA:24,0
LF:4
LH:0
BRF:0
BRH:0
end_of_record
TN:
SF:/Users/hpal/code/github.com/phalbert/vue-learn/unit-testing-vue/src/store/index.js
FNF:0
FNH:0
DA:4,0
LF:1
LH:0
BRF:0
BRH:0
end_of_record
TN:
SF:/Users/hpal/code/github.com/phalbert/vue-learn/unit-testing-vue/src/views/Home.vue
FNF:0
FNH:0
DA:10,0
LF:1
LH:0
BRF:0
BRH:0
end_of_record
